[2022-06-11 22:59:29] local.ERROR: filemtime(): stat failed for /Users/ibrahimsayar/Desktop/laravel-big-project-log-architecture/.env {"exception":"[object] (ErrorException(code: 0): filemtime(): stat failed for /Users/ibrahimsayar/Desktop/laravel-big-project-log-architecture/.env at /Users/ibrahimsayar/Desktop/laravel-big-project-log-architecture/vendor/laravel/framework/src/Illuminate/Foundation/Console/ServeCommand.php:93)
[stacktrace]
#0 /Users/ibrahimsayar/Desktop/laravel-big-project-log-architecture/vendor/laravel/framework/src/Illuminate/Foundation/Bootstrap/HandleExceptions.php(257): Illuminate\\Foundation\\Bootstrap\\HandleExceptions->handleError(2, 'filemtime(): st...', '/Users/ibrahims...', 93)
#1 [internal function]: Illuminate\\Foundation\\Bootstrap\\HandleExceptions->Illuminate\\Foundation\\Bootstrap\\{closure}(2, 'filemtime(): st...', '/Users/ibrahims...', 93)
#2 /Users/ibrahimsayar/Desktop/laravel-big-project-log-architecture/vendor/laravel/framework/src/Illuminate/Foundation/Console/ServeCommand.php(93): filemtime('/Users/ibrahims...')
#3 /Users/ibrahimsayar/Desktop/laravel-big-project-log-architecture/vendor/laravel/framework/src/Illuminate/Container/BoundMethod.php(36): Illuminate\\Foundation\\Console\\ServeCommand->handle()
#4 /Users/ibrahimsayar/Desktop/laravel-big-project-log-architecture/vendor/laravel/framework/src/Illuminate/Container/Util.php(41): Illuminate\\Container\\BoundMethod::Illuminate\\Container\\{closure}()
#5 /Users/ibrahimsayar/Desktop/laravel-big-project-log-architecture/vendor/laravel/framework/src/Illuminate/Container/BoundMethod.php(93): Illuminate\\Container\\Util::unwrapIfClosure(Object(Closure))
#6 /Users/ibrahimsayar/Desktop/laravel-big-project-log-architecture/vendor/laravel/framework/src/Illuminate/Container/BoundMethod.php(37): Illuminate\\Container\\BoundMethod::callBoundMethod(Object(Illuminate\\Foundation\\Application), Array, Object(Closure))
#7 /Users/ibrahimsayar/Desktop/laravel-big-project-log-architecture/vendor/laravel/framework/src/Illuminate/Container/Container.php(651): Illuminate\\Container\\BoundMethod::call(Object(Illuminate\\Foundation\\Application), Array, Array, NULL)
#8 /Users/ibrahimsayar/Desktop/laravel-big-project-log-architecture/vendor/laravel/framework/src/Illuminate/Console/Command.php(136): Illuminate\\Container\\Container->call(Array)
#9 /Users/ibrahimsayar/Desktop/laravel-big-project-log-architecture/vendor/symfony/console/Command/Command.php(291): Illuminate\\Console\\Command->execute(Object(Symfony\\Component\\Console\\Input\\ArgvInput), Object(Illuminate\\Console\\OutputStyle))
#10 /Users/ibrahimsayar/Desktop/laravel-big-project-log-architecture/vendor/laravel/framework/src/Illuminate/Console/Command.php(121): Symfony\\Component\\Console\\Command\\Command->run(Object(Symfony\\Component\\Console\\Input\\ArgvInput), Object(Illuminate\\Console\\OutputStyle))
#11 /Users/ibrahimsayar/Desktop/laravel-big-project-log-architecture/vendor/symfony/console/Application.php(998): Illuminate\\Console\\Command->run(Object(Symfony\\Component\\Console\\Input\\ArgvInput), Object(Symfony\\Component\\Console\\Output\\ConsoleOutput))
#12 /Users/ibrahimsayar/Desktop/laravel-big-project-log-architecture/vendor/symfony/console/Application.php(299): Symfony\\Component\\Console\\Application->doRunCommand(Object(Illuminate\\Foundation\\Console\\ServeCommand), Object(Symfony\\Component\\Console\\Input\\ArgvInput), Object(Symfony\\Component\\Console\\Output\\ConsoleOutput))
#13 /Users/ibrahimsayar/Desktop/laravel-big-project-log-architecture/vendor/symfony/console/Application.php(171): Symfony\\Component\\Console\\Application->doRun(Object(Symfony\\Component\\Console\\Input\\ArgvInput), Object(Symfony\\Component\\Console\\Output\\ConsoleOutput))
#14 /Users/ibrahimsayar/Desktop/laravel-big-project-log-architecture/vendor/laravel/framework/src/Illuminate/Console/Application.php(102): Symfony\\Component\\Console\\Application->run(Object(Symfony\\Component\\Console\\Input\\ArgvInput), Object(Symfony\\Component\\Console\\Output\\ConsoleOutput))
#15 /Users/ibrahimsayar/Desktop/laravel-big-project-log-architecture/vendor/laravel/framework/src/Illuminate/Foundation/Console/Kernel.php(129): Illuminate\\Console\\Application->run(Object(Symfony\\Component\\Console\\Input\\ArgvInput), Object(Symfony\\Component\\Console\\Output\\ConsoleOutput))
#16 /Users/ibrahimsayar/Desktop/laravel-big-project-log-architecture/artisan(37): Illuminate\\Foundation\\Console\\Kernel->handle(Object(Symfony\\Component\\Console\\Input\\ArgvInput), Object(Symfony\\Component\\Console\\Output\\ConsoleOutput))
#17 {main}
"} 
[2022-06-11 22:59:29] local.ERROR: include(/Users/ibrahimsayar/Desktop/laravel-big-project-log-architecture/vendor/composer/../nunomaduro/collision/src/SolutionsRepositories/NullSolutionsRepository.php): Failed to open stream: No such file or directory {"exception":"[object] (ErrorException(code: 0): include(/Users/ibrahimsayar/Desktop/laravel-big-project-log-architecture/vendor/composer/../nunomaduro/collision/src/SolutionsRepositories/NullSolutionsRepository.php): Failed to open stream: No such file or directory at /Users/ibrahimsayar/Desktop/laravel-big-project-log-architecture/vendor/composer/ClassLoader.php:444)
[stacktrace]
#0 /Users/ibrahimsayar/Desktop/laravel-big-project-log-architecture/vendor/laravel/framework/src/Illuminate/Foundation/Bootstrap/HandleExceptions.php(257): Illuminate\\Foundation\\Bootstrap\\HandleExceptions->handleError(2, 'include(/Users/...', '/Users/ibrahims...', 444)
#1 /Users/ibrahimsayar/Desktop/laravel-big-project-log-architecture/vendor/composer/ClassLoader.php(444): Illuminate\\Foundation\\Bootstrap\\HandleExceptions->Illuminate\\Foundation\\Bootstrap\\{closure}(2, 'include(/Users/...', '/Users/ibrahims...', 444)
#2 /Users/ibrahimsayar/Desktop/laravel-big-project-log-architecture/vendor/composer/ClassLoader.php(444): include()
#3 /Users/ibrahimsayar/Desktop/laravel-big-project-log-architecture/vendor/composer/ClassLoader.php(322): Composer\\Autoload\\includeFile('/Users/ibrahims...')
#4 /Users/ibrahimsayar/Desktop/laravel-big-project-log-architecture/vendor/nunomaduro/collision/src/Adapters/Laravel/CollisionServiceProvider.php(55): Composer\\Autoload\\ClassLoader->loadClass('NunoMaduro\\\\Coll...')
#5 /Users/ibrahimsayar/Desktop/laravel-big-project-log-architecture/vendor/laravel/framework/src/Illuminate/Container/Container.php(871): NunoMaduro\\Collision\\Adapters\\Laravel\\CollisionServiceProvider->NunoMaduro\\Collision\\Adapters\\Laravel\\{closure}(Object(Illuminate\\Foundation\\Application), Array)
#6 /Users/ibrahimsayar/Desktop/laravel-big-project-log-architecture/vendor/laravel/framework/src/Illuminate/Container/Container.php(756): Illuminate\\Container\\Container->build(Object(Closure))
#7 /Users/ibrahimsayar/Desktop/laravel-big-project-log-architecture/vendor/laravel/framework/src/Illuminate/Foundation/Application.php(855): Illuminate\\Container\\Container->resolve('NunoMaduro\\\\Coll...', Array, true)
#8 /Users/ibrahimsayar/Desktop/laravel-big-project-log-architecture/vendor/laravel/framework/src/Illuminate/Container/Container.php(692): Illuminate\\Foundation\\Application->resolve('NunoMaduro\\\\Coll...', Array)
#9 /Users/ibrahimsayar/Desktop/laravel-big-project-log-architecture/vendor/laravel/framework/src/Illuminate/Foundation/Application.php(840): Illuminate\\Container\\Container->make('NunoMaduro\\\\Coll...', Array)
#10 /Users/ibrahimsayar/Desktop/laravel-big-project-log-architecture/vendor/nunomaduro/collision/src/Adapters/Laravel/ExceptionHandler.php(66): Illuminate\\Foundation\\Application->make('NunoMaduro\\\\Coll...')
#11 /Users/ibrahimsayar/Desktop/laravel-big-project-log-architecture/vendor/laravel/framework/src/Illuminate/Foundation/Console/Kernel.php(379): NunoMaduro\\Collision\\Adapters\\Laravel\\ExceptionHandler->renderForConsole(Object(Symfony\\Component\\Console\\Output\\ConsoleOutput), Object(ErrorException))
#12 /Users/ibrahimsayar/Desktop/laravel-big-project-log-architecture/vendor/laravel/framework/src/Illuminate/Foundation/Console/Kernel.php(133): Illuminate\\Foundation\\Console\\Kernel->renderException(Object(Symfony\\Component\\Console\\Output\\ConsoleOutput), Object(ErrorException))
#13 /Users/ibrahimsayar/Desktop/laravel-big-project-log-architecture/artisan(37): Illuminate\\Foundation\\Console\\Kernel->handle(Object(Symfony\\Component\\Console\\Input\\ArgvInput), Object(Symfony\\Component\\Console\\Output\\ConsoleOutput))
#14 {main}
"} 
[2022-06-11 22:59:29] local.ERROR: Uncaught ErrorException: include(/Users/ibrahimsayar/Desktop/laravel-big-project-log-architecture/vendor/composer/../nunomaduro/collision/src/SolutionsRepositories/NullSolutionsRepository.php): Failed to open stream: No such file or directory in /Users/ibrahimsayar/Desktop/laravel-big-project-log-architecture/vendor/composer/ClassLoader.php:444
Stack trace:
#0 /Users/ibrahimsayar/Desktop/laravel-big-project-log-architecture/vendor/laravel/framework/src/Illuminate/Foundation/Bootstrap/HandleExceptions.php(257): Illuminate\Foundation\Bootstrap\HandleExceptions->handleError(2, 'include(/Users/...', '/Users/ibrahims...', 444)
#1 /Users/ibrahimsayar/Desktop/laravel-big-project-log-architecture/vendor/composer/ClassLoader.php(444): Illuminate\Foundation\Bootstrap\HandleExceptions->Illuminate\Foundation\Bootstrap\{closure}(2, 'include(/Users/...', '/Users/ibrahims...', 444)
#2 /Users/ibrahimsayar/Desktop/laravel-big-project-log-architecture/vendor/composer/ClassLoader.php(444): include()
#3 /Users/ibrahimsayar/Desktop/laravel-big-project-log-architecture/vendor/composer/ClassLoader.php(322): Composer\Autoload\includeFile('/Users/ibrahims...')
#4 /Users/ibrahimsayar/Desktop/laravel-big-project-log-architecture/vendor/nunomaduro/collision/src/Adapters/Laravel/CollisionServiceProvider.php(55): Composer\Autoload\ClassLoader->loadClass('NunoMaduro\\Coll...')
#5 /Users/ibrahimsayar/Desktop/laravel-big-project-log-architecture/vendor/laravel/framework/src/Illuminate/Container/Container.php(871): NunoMaduro\Collision\Adapters\Laravel\CollisionServiceProvider->NunoMaduro\Collision\Adapters\Laravel\{closure}(Object(Illuminate\Foundation\Application), Array)
#6 /Users/ibrahimsayar/Desktop/laravel-big-project-log-architecture/vendor/laravel/framework/src/Illuminate/Container/Container.php(756): Illuminate\Container\Container->build(Object(Closure))
#7 /Users/ibrahimsayar/Desktop/laravel-big-project-log-architecture/vendor/laravel/framework/src/Illuminate/Foundation/Application.php(855): Illuminate\Container\Container->resolve('NunoMaduro\\Coll...', Array, true)
#8 /Users/ibrahimsayar/Desktop/laravel-big-project-log-architecture/vendor/laravel/framework/src/Illuminate/Container/Container.php(692): Illuminate\Foundation\Application->resolve('NunoMaduro\\Coll...', Array)
#9 /Users/ibrahimsayar/Desktop/laravel-big-project-log-architecture/vendor/laravel/framework/src/Illuminate/Foundation/Application.php(840): Illuminate\Container\Container->make('NunoMaduro\\Coll...', Array)
#10 /Users/ibrahimsayar/Desktop/laravel-big-project-log-architecture/vendor/nunomaduro/collision/src/Adapters/Laravel/ExceptionHandler.php(66): Illuminate\Foundation\Application->make('NunoMaduro\\Coll...')
#11 /Users/ibrahimsayar/Desktop/laravel-big-project-log-architecture/vendor/laravel/framework/src/Illuminate/Foundation/Bootstrap/HandleExceptions.php(209): NunoMaduro\Collision\Adapters\Laravel\ExceptionHandler->renderForConsole(Object(Symfony\Component\Console\Output\ConsoleOutput), Object(ErrorException))
#12 /Users/ibrahimsayar/Desktop/laravel-big-project-log-architecture/vendor/laravel/framework/src/Illuminate/Foundation/Bootstrap/HandleExceptions.php(195): Illuminate\Foundation\Bootstrap\HandleExceptions->renderForConsole(Object(ErrorException))
#13 /Users/ibrahimsayar/Desktop/laravel-big-project-log-architecture/vendor/laravel/framework/src/Illuminate/Foundation/Bootstrap/HandleExceptions.php(257): Illuminate\Foundation\Bootstrap\HandleExceptions->handleException(Object(ErrorException))
#14 [internal function]: Illuminate\Foundation\Bootstrap\HandleExceptions->Illuminate\Foundation\Bootstrap\{closure}(Object(ErrorException))
#15 {main}
  thrown {"exception":"[object] (Symfony\\Component\\ErrorHandler\\Error\\FatalError(code: 0): Uncaught ErrorException: include(/Users/ibrahimsayar/Desktop/laravel-big-project-log-architecture/vendor/composer/../nunomaduro/collision/src/SolutionsRepositories/NullSolutionsRepository.php): Failed to open stream: No such file or directory in /Users/ibrahimsayar/Desktop/laravel-big-project-log-architecture/vendor/composer/ClassLoader.php:444
Stack trace:
#0 /Users/ibrahimsayar/Desktop/laravel-big-project-log-architecture/vendor/laravel/framework/src/Illuminate/Foundation/Bootstrap/HandleExceptions.php(257): Illuminate\\Foundation\\Bootstrap\\HandleExceptions->handleError(2, 'include(/Users/...', '/Users/ibrahims...', 444)
#1 /Users/ibrahimsayar/Desktop/laravel-big-project-log-architecture/vendor/composer/ClassLoader.php(444): Illuminate\\Foundation\\Bootstrap\\HandleExceptions->Illuminate\\Foundation\\Bootstrap\\{closure}(2, 'include(/Users/...', '/Users/ibrahims...', 444)
#2 /Users/ibrahimsayar/Desktop/laravel-big-project-log-architecture/vendor/composer/ClassLoader.php(444): include()
#3 /Users/ibrahimsayar/Desktop/laravel-big-project-log-architecture/vendor/composer/ClassLoader.php(322): Composer\\Autoload\\includeFile('/Users/ibrahims...')
#4 /Users/ibrahimsayar/Desktop/laravel-big-project-log-architecture/vendor/nunomaduro/collision/src/Adapters/Laravel/CollisionServiceProvider.php(55): Composer\\Autoload\\ClassLoader->loadClass('NunoMaduro\\\\Coll...')
#5 /Users/ibrahimsayar/Desktop/laravel-big-project-log-architecture/vendor/laravel/framework/src/Illuminate/Container/Container.php(871): NunoMaduro\\Collision\\Adapters\\Laravel\\CollisionServiceProvider->NunoMaduro\\Collision\\Adapters\\Laravel\\{closure}(Object(Illuminate\\Foundation\\Application), Array)
#6 /Users/ibrahimsayar/Desktop/laravel-big-project-log-architecture/vendor/laravel/framework/src/Illuminate/Container/Container.php(756): Illuminate\\Container\\Container->build(Object(Closure))
#7 /Users/ibrahimsayar/Desktop/laravel-big-project-log-architecture/vendor/laravel/framework/src/Illuminate/Foundation/Application.php(855): Illuminate\\Container\\Container->resolve('NunoMaduro\\\\Coll...', Array, true)
#8 /Users/ibrahimsayar/Desktop/laravel-big-project-log-architecture/vendor/laravel/framework/src/Illuminate/Container/Container.php(692): Illuminate\\Foundation\\Application->resolve('NunoMaduro\\\\Coll...', Array)
#9 /Users/ibrahimsayar/Desktop/laravel-big-project-log-architecture/vendor/laravel/framework/src/Illuminate/Foundation/Application.php(840): Illuminate\\Container\\Container->make('NunoMaduro\\\\Coll...', Array)
#10 /Users/ibrahimsayar/Desktop/laravel-big-project-log-architecture/vendor/nunomaduro/collision/src/Adapters/Laravel/ExceptionHandler.php(66): Illuminate\\Foundation\\Application->make('NunoMaduro\\\\Coll...')
#11 /Users/ibrahimsayar/Desktop/laravel-big-project-log-architecture/vendor/laravel/framework/src/Illuminate/Foundation/Bootstrap/HandleExceptions.php(209): NunoMaduro\\Collision\\Adapters\\Laravel\\ExceptionHandler->renderForConsole(Object(Symfony\\Component\\Console\\Output\\ConsoleOutput), Object(ErrorException))
#12 /Users/ibrahimsayar/Desktop/laravel-big-project-log-architecture/vendor/laravel/framework/src/Illuminate/Foundation/Bootstrap/HandleExceptions.php(195): Illuminate\\Foundation\\Bootstrap\\HandleExceptions->renderForConsole(Object(ErrorException))
#13 /Users/ibrahimsayar/Desktop/laravel-big-project-log-architecture/vendor/laravel/framework/src/Illuminate/Foundation/Bootstrap/HandleExceptions.php(257): Illuminate\\Foundation\\Bootstrap\\HandleExceptions->handleException(Object(ErrorException))
#14 [internal function]: Illuminate\\Foundation\\Bootstrap\\HandleExceptions->Illuminate\\Foundation\\Bootstrap\\{closure}(Object(ErrorException))
#15 {main}
  thrown at /Users/ibrahimsayar/Desktop/laravel-big-project-log-architecture/vendor/composer/ClassLoader.php:444)
[stacktrace]
#0 {main}
"} 
